(---------------------------------------------------------------------)
(                                                                     )
(    Dangling Line, Via and Antenna Report                            )
(                                                                     )
(    Drawing          : radiotelescope.brd                            )
(    Software Version : 17.4S035                                      )
(    Date/Time        : Sun Feb  5 11:30:00 2023                      )
(                                                                     )
(---------------------------------------------------------------------)


Report methodology:
  - Dangling lines have at least one end not connected.
  - Dangling vias have one or no connection
      - Plus are not a test, thieving or netshort property via.
  - Antenna vias do not have connections on their start and end layers.
      - Plus they are not a thieving vias.
      - Optionally, VOLTAGE nets, testvias and through vias can be suppressed with
        the environment variable report_antennavia.
      - Section may be suppressed by variable report_noantennavia.
  - Not part of the current partition.
  - To suppress items in dangle report add the OK_DANGLE property to the via
    or connect line.

<< Dangling Lines >>  - Location marked with a star (*) is dangling.
  Net                 Layer                  Length       Location
  ------------------------------------------------------------------------------------------
  AZ_CONTROL2          BOTTOM                 25.00     *(950.00 300.00) to  (975.00 300.00)
  EL_CONTROL1          TOP                  1376.78     *(1275.00 -345.00) to  (1150.00 -1670.00)
  AZ_M-                TOP                   123.99     *(1975.00 1400.00) to  (1880.00 1330.00)
  AZ_M+                TOP                   109.85     *(2225.00 800.00) to  (2310.00 860.00)
  AZ_M+                TOP                   134.85     *(1725.00 800.00) to  (1835.00 860.00)


<< Dangling Vias >>
  Net                  Padstack               Location            Layers
  ---------------------------------------------------------------------------
  EL_CONTROL1          VIA                  (2550.00 -520.00) TOP/BOTTOM 


<< Antenna Vias >>
  Net                  Padstack               Location            Layers
  ---------------------------------------------------------------------------
  EL_CONTROL1          VIA                  (2550.00 -520.00) TOP/BOTTOM 

<< Summary >>
  Total dangling lines:       5
  Total dangling vias:        1
  Total antenna vias:         1
