(---------------------------------------------------------------------)
(                                                                     )
(    NC DRILL Log                                                     )
(                                                                     )
(    Drawing          : radiotelescope.brd                            )
(    Software Version : 17.4S035                                      )
(    Date/Time        : Tue Feb 21 10:22:22 2023                      )
(                                                                     )
(---------------------------------------------------------------------)



 Processing NC Parameters file 'nc_param.txt' ...

 NC PARAMETERS
 -------------

 FORMAT   		2.5
 MACHINE-OFFSET		x:0.00000	y:0.00000   (mm)
 FEEDRATE		1
 COORDINATES		ABSOLUTE
 OUTPUT-UNITS		METRIC
 TOOL-ORDER		INCREASING
 REPEAT-CODES		YES
 SUPPRESS-LEAD-ZEROES	NO
 SUPPRESS-TRAIL-ZEROES	NO
 SUPPRESS-EQUAL		NO
 TOOL-SELECT		YES
 HEADER			none
 LEADER			12
 CODE			ASCII
 SEPARATE		NO
 SEPARATE-ROUTING	NO
 OPTIMIZE_DRILLING	NO
 ENHANCED_EXCELLON	NO
 SCALE			1.000000

 WARNING(SPMHMF-363): Units system is being switched when generating drill output file data.
 WARNING(SPMHMF-365): This design contains 2 slot holes that cannot be drilled.
 WARNING(SPMHMF-366): They can be processed by NC routing instead.
 WARNING(SPMHMF-368): Cannot find NC Drill tool file 'nc_tools.txt'
 WARNING(SPMHMF-369): ... will auto-generate tool file 'nc_tools_auto.txt'.


     Auto-generating tool file 'nc_tools_auto.txt' ...

           Size  Plating  Tool        + Tolerance  - Tolerance

          13.00  P        T01            0.000000     0.000000
          33.46  P        T02            0.000000     0.000000
          37.00  P        T03            0.000000     0.000000
          38.00  P        T04            0.000000     0.000000
          42.00  P        T05            0.000000     0.000000
          70.00  P        T06            0.000000     0.000000
          93.50  P        T07            3.000000     3.000000
         110.00  P        T08            0.000000     0.000000
          39.02  N        T09            0.000000     0.000000


 Drill files being output to directory 'S:/projects/radiotelescope/radiotelescope-PCB/Main Project/allegro' ...



     'radiotelescope-1-2.drl' created for holes connecting TOP and BOTTOM
     --------------------------------------------------------------------

     Tool  Num     Size      +/- Tolerance     Plating   Quantity

     T01    1.   0.3302    0.0000/  0.0000      PLATED        120
     T02    2.   0.8499    0.0000/  0.0000      PLATED          2
     T03    3.   0.9398    0.0000/  0.0000      PLATED         12
     T04    4.   0.9652    0.0000/  0.0000      PLATED          8
     T05    5.   1.0668    0.0000/  0.0000      PLATED         16
     T06    6.   1.7780    0.0000/  0.0000      PLATED         10
     T07    7.   2.3749    0.0762/  0.0762      PLATED          4
     T08    8.   2.7940    0.0000/  0.0000      PLATED          4
     T09    9.   0.9911    0.0000/  0.0000  NON_PLATED          3

     ---- Total holes:                                        179

     ---- Total head travel:              15.18 feet (4.63 meters)

