(---------------------------------------------------------------------)
(                                                                     )
(    Allegro Netrev Import Logic                                      )
(                                                                     )
(    Drawing          : radiotelescopetemp.brd                        )
(    Software Version : unreleased                                    )
(    Date/Time        : Thu Feb 16 15:02:17 2023                      )
(                                                                     )
(---------------------------------------------------------------------)


------ Directives ------------

Ripup etch:                  No
Ripup delete first segment:  No
Ripup retain bondwire:       No
Ripup symbols:               Always
Missing symbol has error:    No
DRC update:                  Yes
Schematic directory:         '.'
Design Directory:            'C:/Users/Aaron/Documents/Classes/EE 406/Work on Schematic/radiotelescope-pcb/Main Project/allegro'
Old design name:             'C:/Users/Aaron/Documents/Classes/EE 406/Work on Schematic/radiotelescope-pcb/Main Project/allegro/radiotelescopetemp.brd'
New design name:             'C:/Users/Aaron/Documents/Classes/EE 406/Work on Schematic/radiotelescope-pcb/Main Project/allegro/radiotelescopetemp.brd'

CmdLine: netrev -y 1 -h -q netrev_constraint_report.xml C:/Users/Aaron/Documents/Classes/EE 406/Work on Schematic/radiotelescope-pcb/Main Project/allegro/#Taaaado23048.tmp

------ Preparing to read pst files ------

Starting to read ./pstchip.dat 
   Finished reading ./pstchip.dat (00:00:00.01)
Starting to read ./pstxprt.dat 
   Finished reading ./pstxprt.dat (00:00:00.00)
Starting to read ./pstxnet.dat 
   Finished reading ./pstxnet.dat (00:00:00.00)

------ Oversights/Warnings/Errors ------


------ Library Paths ------
MODULEPATH =  . 
           c:/cadence/spb_17.4/share/local/pcb/modules 

PSMPATH =  . 
           symbols 
           .. 
           ../symbols 
           c:/cadence/spb_17.4/share/local/pcb/symbols 
           c:/cadence/spb_17.4/share/pcb/pcb_lib/symbols 
           c:/cadence/spb_17.4/share/pcb/allegrolib/symbols 

PADPATH =  . 
           symbols 
           .. 
           ../symbols 
           c:/cadence/spb_17.4/share/local/pcb/padstacks 
           c:/cadence/spb_17.4/share/pcb/pcb_lib/symbols 
           c:/cadence/spb_17.4/share/pcb/allegrolib/symbols 


------ Summary Statistics ------


netrev run on Feb 16 15:02:17 2023
   DESIGN NAME : 'RADIOTELESCOPE'
   PACKAGING ON Oct  7 2019 04:16:49

   COMPILE 'logic'
   CHECK_PIN_NAMES OFF
   CROSS_REFERENCE OFF
   FEEDBACK OFF
   INCREMENTAL OFF
   INTERFACE_TYPE PHYSICAL
   MAX_ERRORS 500
   MERGE_MINIMUM 5
   NET_NAME_CHARS '#%&()*+-./:=>?@[]^_`|'
   NET_NAME_LENGTH 24
   OVERSIGHTS ON
   REPLACE_CHECK OFF
   SINGLE_NODE_NETS ON
   SPLIT_MINIMUM 0
   SUPPRESS   20
   WARNINGS ON

 No error detected
 No oversight detected
 No warning detected

cpu time      0:02:20
elapsed time  0:00:01

