(---------------------------------------------------------------------)
(                                                                     )
(    ARTWORK LOG                                                      )
(                                                                     )
(    Drawing          : radiotelescope.brd                            )
(    Software Version : 17.4S035                                      )
(    Date/Time        : Mon Feb 20 10:47:03 2023                      )
(                                                                     )
(---------------------------------------------------------------------)


 ---- Photoplot outline rectangle not found; using drawing extents.



Results from parameter file ...
    DEVICE-TYPE           GERBER_RS274X
    OUTPUT-UNITS          MM
    FILM-SIZE             2400000 1600000
    FORMAT                3.5
    ABORT-ON-ERROR        NO
    SCALE                 1
    SUPPRESS-LEAD-ZEROES  YES
    SUPPRESS-TRAIL-ZEROES NO
    SUPPRESS-EQUAL        YES
    UNDEF-APT-CONT        NO

 WARNING: Generating metric output data from an english database
 may cause slight roundoff error of coordinates in output file.




================================================================
     PROCESSING FILM < SILK_TOP >
     TO FILE < S:/projects/radiotelescope/radiotelescope-PCB/Main Project/allegro/SILK_TOP.art > ...
================================================================

  FILM PARAMETERS :
  ---------------------------------------------------------
  Undefined line width                0.00
  Mirror code                         NONE
  Rotate angle                        NONE
  Offset x:                           0.00
  Offset y:                           0.00
  Plot negative                       NO
  Suppress unconnected internal pads  NO
  Draw holes only                     NO

    WARNING: rectangle or unfilled shape composed 0 width line found at (-1292.50 -1500.00) in MIL
           ... ignored.

    WARNING: rectangle or unfilled shape having Multiple 0 width lines; all will be treated the same as the first.
           ... ignored.

    WARNING: Arc segment with end points of
	(-60.905, -14.593) and (-64.136 -14.598) converted to a line.
	Its center location (-59.936 -1744.241) is too large for
	specified integer accuracy of 3 places.



  APERTURES USED (UNIT = MM):
  ---------------------------------------------------------
  TYPE       SIZE/NAME                   ROT   MIRROR MODE 
  ---------------------------------------------------------
  CIRCLE     0.12700                                  DARK 
  CIRCLE     0.15240                                  DARK 
  CIRCLE     0.19990                                  DARK 
  CIRCLE     0.20320                                  DARK 
  CIRCLE     0.25400                                  DARK 
  CIRCLE     0.29997                                  DARK 
  CIRCLE     0.38100                                  DARK 

     SILK_TOP created with warnings


------------------------------------------------------
 SUMMARY:
        SILK_TOP created with warnings

 ARTWORK had warnings
