(---------------------------------------------------------------------)
(                                                                     )
(    DRC Update                                                       )
(                                                                     )
(    Drawing          : radiotelescope.brd                            )
(    Software Version : 17.4S035                                      )
(    Date/Time        : Mon Feb 20 08:56:03 2023                      )
(                                                                     )
(---------------------------------------------------------------------)


 ========= check       2 shapes                       0:00:00
 ========= check       0 standalone pins              0:00:00
 ========= check       0 symbols (pins,lines,text)    0:00:00
 ========= check       0 xnets                        0:00:00
 ========= check       1 nets                         0:00:00
 ========= check       0 standalone branches          0:00:00
 ========= check       0 standalone filled rectangles 0:00:00
 ========= check       0 standalone lines             0:00:00
 ========= check       0 standalone text              0:00:00
 ========= check       0 standalone rectangles        0:00:00

 ..... Total number of DRC errors  1

 ..... DRC update completed, total CPU time   0:00:00
 *************************************************************************

